-- Found ament_cmake: 1.1.6 (/opt/ros/galactic/share/ament_cmake/cmake)
[33mCMake Warning (dev) at /opt/ros/galactic/share/ament_cmake_core/cmake/core/python.cmake:22 (find_package):
  Policy CMP0148 is not set: The FindPythonInterp and FindPythonLibs modules
  are removed.  Run "cmake --help-policy CMP0148" for policy details.  Use
  the cmake_policy command to set the policy and suppress this warning.

Call Stack (most recent call first):
  /opt/ros/galactic/share/ament_cmake_core/cmake/core/all.cmake:53 (include)
  /opt/ros/galactic/share/ament_cmake_core/cmake/ament_cmake_core-extras.cmake:17 (include)
  /opt/ros/galactic/share/ament_cmake_core/cmake/ament_cmake_coreConfig.cmake:41 (include)
  /opt/ros/galactic/share/ament_cmake/cmake/ament_cmake_export_dependencies-extras.cmake:15 (find_package)
  /opt/ros/galactic/share/ament_cmake/cmake/ament_cmakeConfig.cmake:41 (include)
  CMakeLists.txt:10 (find_package)
This warning is for project developers.  Use -Wno-dev to suppress it.
[0m
-- Using PYTHON_EXECUTABLE: /usr/bin/python3
-- Override CMake install command with custom implementation using symlinks instead of copying resources
-- Found rclcpp: 9.2.2 (/opt/ros/galactic/share/rclcpp/cmake)
-- Using all available rosidl_typesupport_c: rosidl_typesupport_fastrtps_c;rosidl_typesupport_introspection_c
-- Found rosidl_adapter: 2.2.3 (/opt/ros/galactic/share/rosidl_adapter/cmake)
-- Using all available rosidl_typesupport_cpp: rosidl_typesupport_fastrtps_cpp;rosidl_typesupport_introspection_cpp
-- Found rmw_implementation_cmake: 3.3.1 (/opt/ros/galactic/share/rmw_implementation_cmake/cmake)
-- Found rmw_cyclonedds_cpp: 0.22.6 (/opt/ros/galactic/share/rmw_cyclonedds_cpp/cmake)
-- Using RMW implementation 'rmw_cyclonedds_cpp' as default
-- Found rclpy: 1.9.3 (/opt/ros/galactic/share/rclpy/cmake)
-- Found gazebo_ros: 3.5.2 (/opt/ros/galactic/share/gazebo_ros/cmake)
[33mCMake Warning (dev) at /home/leoo/.local/lib/python3.8/site-packages/cmake/data/share/cmake-3.30/Modules/FindPackageHandleStandardArgs.cmake:441 (message):
  The package name passed to `find_package_handle_standard_args` (PkgConfig)
  does not match the name of the calling package (gazebo).  This can lead to
  problems in calling code that expects `find_package` result variables
  (e.g., `_FOUND`) to follow a certain pattern.
Call Stack (most recent call first):
  /home/leoo/.local/lib/python3.8/site-packages/cmake/data/share/cmake-3.30/Modules/FindPkgConfig.cmake:114 (find_package_handle_standard_args)
  /usr/lib/x86_64-linux-gnu/cmake/gazebo/gazebo-config.cmake:72 (include)
  /opt/ros/galactic/share/gazebo_dev/cmake/gazebo_dev-extras.cmake:2 (find_package)
  /opt/ros/galactic/share/gazebo_dev/cmake/gazebo_devConfig.cmake:41 (include)
  /opt/ros/galactic/share/gazebo_ros/cmake/ament_cmake_export_dependencies-extras.cmake:21 (find_package)
  /opt/ros/galactic/share/gazebo_ros/cmake/gazebo_rosConfig.cmake:41 (include)
  CMakeLists.txt:14 (find_package)
This warning is for project developers.  Use -Wno-dev to suppress it.
[0m
[33mCMake Warning (dev) at /usr/share/dart/cmake/DARTFindBoost.cmake:24 (find_package):
  Policy CMP0167 is not set: The FindBoost module is removed.  Run "cmake
  --help-policy CMP0167" for policy details.  Use the cmake_policy command to
  set the policy and suppress this warning.

Call Stack (most recent call first):
  /usr/share/dart/cmake/dart_dartComponent.cmake:6 (include)
  /usr/share/dart/cmake/DARTConfig.cmake:63 (include)
  /usr/share/dart/cmake/DARTConfig.cmake:123 (dart_traverse_components)
  /usr/share/dart/cmake/DARTConfig.cmake:171 (dart_package_init)
  /usr/lib/x86_64-linux-gnu/cmake/gazebo/gazebo-config.cmake:166 (find_package)
  /opt/ros/galactic/share/gazebo_dev/cmake/gazebo_dev-extras.cmake:2 (find_package)
  /opt/ros/galactic/share/gazebo_dev/cmake/gazebo_devConfig.cmake:41 (include)
  /opt/ros/galactic/share/gazebo_ros/cmake/ament_cmake_export_dependencies-extras.cmake:21 (find_package)
  /opt/ros/galactic/share/gazebo_ros/cmake/gazebo_rosConfig.cmake:41 (include)
  CMakeLists.txt:14 (find_package)
This warning is for project developers.  Use -Wno-dev to suppress it.
[0m
-- Found DART: /usr/include (Required is at least version "6.6") found components: dart
[33mCMake Warning (dev) at /usr/lib/x86_64-linux-gnu/cmake/gazebo/gazebo-config.cmake:197 (find_package):
  Policy CMP0167 is not set: The FindBoost module is removed.  Run "cmake
  --help-policy CMP0167" for policy details.  Use the cmake_policy command to
  set the policy and suppress this warning.

Call Stack (most recent call first):
  /opt/ros/galactic/share/gazebo_dev/cmake/gazebo_dev-extras.cmake:2 (find_package)
  /opt/ros/galactic/share/gazebo_dev/cmake/gazebo_devConfig.cmake:41 (include)
  /opt/ros/galactic/share/gazebo_ros/cmake/ament_cmake_export_dependencies-extras.cmake:21 (find_package)
  /opt/ros/galactic/share/gazebo_ros/cmake/gazebo_rosConfig.cmake:41 (include)
  CMakeLists.txt:14 (find_package)
This warning is for project developers.  Use -Wno-dev to suppress it.
[0m
-- Found Protobuf: /usr/lib/x86_64-linux-gnu/libprotobuf.so;-lpthread (found version "3.6.1")
-- Looking for ignition-math6 -- found version 6.15.1
-- Searching for dependencies of ignition-math6
-- Looking for OGRE...
-- Found Ogre Ghadamon (1.9.0)
-- Found OGRE: optimized;/usr/lib/x86_64-linux-gnu/libOgreMain.so;debug;/usr/lib/x86_64-linux-gnu/libOgreMain.so
[33mCMake Warning (dev) at /usr/share/OGRE/cmake/modules/FindOGRE.cmake:309 (find_package):
  Policy CMP0167 is not set: The FindBoost module is removed.  Run "cmake
  --help-policy CMP0167" for policy details.  Use the cmake_policy command to
  set the policy and suppress this warning.

Call Stack (most recent call first):
  /usr/lib/x86_64-linux-gnu/cmake/gazebo/gazebo-config.cmake:213 (find_package)
  /opt/ros/galactic/share/gazebo_dev/cmake/gazebo_dev-extras.cmake:2 (find_package)
  /opt/ros/galactic/share/gazebo_dev/cmake/gazebo_devConfig.cmake:41 (include)
  /opt/ros/galactic/share/gazebo_ros/cmake/ament_cmake_export_dependencies-extras.cmake:21 (find_package)
  /opt/ros/galactic/share/gazebo_ros/cmake/gazebo_rosConfig.cmake:41 (include)
  CMakeLists.txt:14 (find_package)
This warning is for project developers.  Use -Wno-dev to suppress it.
[0m
[33mCMake Warning (dev) at /usr/share/OGRE/cmake/modules/FindOGRE.cmake:318 (find_package):
  Policy CMP0167 is not set: The FindBoost module is removed.  Run "cmake
  --help-policy CMP0167" for policy details.  Use the cmake_policy command to
  set the policy and suppress this warning.

Call Stack (most recent call first):
  /usr/lib/x86_64-linux-gnu/cmake/gazebo/gazebo-config.cmake:213 (find_package)
  /opt/ros/galactic/share/gazebo_dev/cmake/gazebo_dev-extras.cmake:2 (find_package)
  /opt/ros/galactic/share/gazebo_dev/cmake/gazebo_devConfig.cmake:41 (include)
  /opt/ros/galactic/share/gazebo_ros/cmake/ament_cmake_export_dependencies-extras.cmake:21 (find_package)
  /opt/ros/galactic/share/gazebo_ros/cmake/gazebo_rosConfig.cmake:41 (include)
  CMakeLists.txt:14 (find_package)
This warning is for project developers.  Use -Wno-dev to suppress it.
[0m
-- Looking for OGRE_Paging...
-- Found OGRE_Paging: optimized;/usr/lib/x86_64-linux-gnu/libOgrePaging.so;debug;/usr/lib/x86_64-linux-gnu/libOgrePaging.so
-- Looking for OGRE_Terrain...
-- Found OGRE_Terrain: optimized;/usr/lib/x86_64-linux-gnu/libOgreTerrain.so;debug;/usr/lib/x86_64-linux-gnu/libOgreTerrain.so
-- Looking for OGRE_Property...
-- Found OGRE_Property: optimized;/usr/lib/x86_64-linux-gnu/libOgreProperty.so;debug;/usr/lib/x86_64-linux-gnu/libOgreProperty.so
-- Looking for OGRE_RTShaderSystem...
-- Found OGRE_RTShaderSystem: optimized;/usr/lib/x86_64-linux-gnu/libOgreRTShaderSystem.so;debug;/usr/lib/x86_64-linux-gnu/libOgreRTShaderSystem.so
-- Looking for OGRE_Volume...
-- Found OGRE_Volume: optimized;/usr/lib/x86_64-linux-gnu/libOgreVolume.so;debug;/usr/lib/x86_64-linux-gnu/libOgreVolume.so
-- Looking for OGRE_Overlay...
-- Found OGRE_Overlay: optimized;/usr/lib/x86_64-linux-gnu/libOgreOverlay.so;debug;/usr/lib/x86_64-linux-gnu/libOgreOverlay.so
-- Looking for ignition-math6 -- found version 6.15.1
-- Looking for ignition-transport8 -- found version 8.3.0
-- Searching for dependencies of ignition-transport8
-- Found Protobuf: /usr/lib/x86_64-linux-gnu/libprotobuf.so;-lpthread (found suitable version "3.6.1", minimum required is "3")
-- Config-file not installed for ZeroMQ -- checking for pkg-config
-- Checking for module 'libzmq >= 4'
--   Found libzmq, version 4.3.2
-- Checking for module 'uuid'
--   Found uuid, version 2.34.0
-- Looking for ignition-msgs5 -- found version 5.10.0
-- Searching for dependencies of ignition-msgs5
-- Looking for ignition-math6 -- found version 6.15.1
-- Checking for module 'tinyxml2'
--   Found tinyxml2, version 6.2.0
-- Looking for ignition-msgs5 -- found version 5.10.0
-- Looking for ignition-common3 -- found version 3.14.2
-- Searching for dependencies of ignition-common3
-- Looking for dlfcn.h - found
-- Looking for libdl - found
-- Searching for <ignition-common3> component [graphics]
-- Looking for ignition-common3-graphics -- found version 3.14.2
-- Searching for dependencies of ignition-common3-graphics
-- Looking for ignition-math6 -- found version 6.15.1
-- Looking for ignition-fuel_tools4 -- found version 4.6.0
-- Searching for dependencies of ignition-fuel_tools4
-- Checking for module 'jsoncpp'
--   Found jsoncpp, version 1.7.4
-- Checking for module 'libzip'
--   Found libzip, version 1.5.1
-- Looking for ignition-common3 -- found version 3.14.2
-- Looking for ignition-math6 -- found version 6.15.1
-- Looking for ignition-msgs5 -- found version 5.10.0
-- Gazebo version: 11.11
-- Found sensor_msgs: 2.2.4 (/opt/ros/galactic/share/sensor_msgs/cmake)
-- Found cv_bridge: 3.1.3 (/opt/ros/galactic/share/cv_bridge/cmake)
-- Configuring done (1.5s)
-- Generating done (0.0s)
-- Build files have been written to: /home/leoo/Documents/GitHub/ROS_2_TurtleBot_perception_project/enpm673_final_proj/build/enpm673_final_proj
[ 50%] Built target cpp_enpm673_final_proj
[ 50%] Built target ament_cmake_python_symlink_enpm673_module
[ 75%] [32mBuilding CXX object CMakeFiles/animated_box.dir/src/animated_box.cpp.o[0m
running egg_info
writing enpm673_module.egg-info/PKG-INFO
writing dependency_links to enpm673_module.egg-info/dependency_links.txt
writing top-level names to enpm673_module.egg-info/top_level.txt
reading manifest file 'enpm673_module.egg-info/SOURCES.txt'
writing manifest file 'enpm673_module.egg-info/SOURCES.txt'
[ 75%] Built target ament_cmake_python_build_enpm673_module_egg
[100%] [32m[1mLinking CXX shared library libanimated_box.so[0m
[100%] Built target animated_box
-- Install configuration: ""
-- Execute custom install script
-- Symlinking: /home/leoo/Documents/GitHub/ROS_2_TurtleBot_perception_project/enpm673_final_proj/install/enpm673_final_proj/lib/enpm673_final_proj/cpp_enpm673_final_proj
-- Symlinking: /home/leoo/Documents/GitHub/ROS_2_TurtleBot_perception_project/enpm673_final_proj/install/enpm673_final_proj/share/enpm673_final_proj/environment/pythonpath.sh
-- Symlinking: /home/leoo/Documents/GitHub/ROS_2_TurtleBot_perception_project/enpm673_final_proj/install/enpm673_final_proj/share/enpm673_final_proj/environment/pythonpath.dsv
-- Symlinking: /home/leoo/Documents/GitHub/ROS_2_TurtleBot_perception_project/enpm673_final_proj/install/enpm673_final_proj/lib/python3.8/site-packages//enpm673_module.egg-info/PKG-INFO
-- Symlinking: /home/leoo/Documents/GitHub/ROS_2_TurtleBot_perception_project/enpm673_final_proj/install/enpm673_final_proj/lib/python3.8/site-packages//enpm673_module.egg-info/SOURCES.txt
-- Symlinking: /home/leoo/Documents/GitHub/ROS_2_TurtleBot_perception_project/enpm673_final_proj/install/enpm673_final_proj/lib/python3.8/site-packages//enpm673_module.egg-info/dependency_links.txt
-- Symlinking: /home/leoo/Documents/GitHub/ROS_2_TurtleBot_perception_project/enpm673_final_proj/install/enpm673_final_proj/lib/python3.8/site-packages//enpm673_module.egg-info/top_level.txt
-- Symlinking: /home/leoo/Documents/GitHub/ROS_2_TurtleBot_perception_project/enpm673_final_proj/install/enpm673_final_proj/lib/python3.8/site-packages/enpm673_module/__init__.py
-- Symlinking: /home/leoo/Documents/GitHub/ROS_2_TurtleBot_perception_project/enpm673_final_proj/install/enpm673_final_proj/lib/python3.8/site-packages/enpm673_module/enpm673_final_proj.py
-- Symlinking: /home/leoo/Documents/GitHub/ROS_2_TurtleBot_perception_project/enpm673_final_proj/install/enpm673_final_proj/lib/enpm673_final_proj/enpm673_final_proj_main.py
-- Symlinking: /home/leoo/Documents/GitHub/ROS_2_TurtleBot_perception_project/enpm673_final_proj/install/enpm673_final_proj/lib/enpm673_final_proj/findhorizonline.py
-- Symlinking: /home/leoo/Documents/GitHub/ROS_2_TurtleBot_perception_project/enpm673_final_proj/install/enpm673_final_proj/share/enpm673_final_proj/launch//enpm673_world.launch.py
-- Symlinking: /home/leoo/Documents/GitHub/ROS_2_TurtleBot_perception_project/enpm673_final_proj/install/enpm673_final_proj/lib/enpm673_final_proj/libanimated_box.so
-- Symlinking: /home/leoo/Documents/GitHub/ROS_2_TurtleBot_perception_project/enpm673_final_proj/install/enpm673_final_proj/share/enpm673_final_proj/worlds//enpm673.world
-- Symlinking: /home/leoo/Documents/GitHub/ROS_2_TurtleBot_perception_project/enpm673_final_proj/install/enpm673_final_proj/share/enpm673_final_proj/worlds//animated_box.world
-- Symlinking: /home/leoo/Documents/GitHub/ROS_2_TurtleBot_perception_project/enpm673_final_proj/install/enpm673_final_proj/share/enpm673_final_proj//models/floor_tile/model.config
-- Symlinking: /home/leoo/Documents/GitHub/ROS_2_TurtleBot_perception_project/enpm673_final_proj/install/enpm673_final_proj/share/enpm673_final_proj//models/floor_tile/model.sdf
-- Symlinking: /home/leoo/Documents/GitHub/ROS_2_TurtleBot_perception_project/enpm673_final_proj/install/enpm673_final_proj/share/enpm673_final_proj//models/lane_markings/model.config
-- Symlinking: /home/leoo/Documents/GitHub/ROS_2_TurtleBot_perception_project/enpm673_final_proj/install/enpm673_final_proj/share/enpm673_final_proj//models/lane_markings/model.sdf
-- Symlinking: /home/leoo/Documents/GitHub/ROS_2_TurtleBot_perception_project/enpm673_final_proj/install/enpm673_final_proj/share/enpm673_final_proj//models/paper_letter_size/model.config
-- Symlinking: /home/leoo/Documents/GitHub/ROS_2_TurtleBot_perception_project/enpm673_final_proj/install/enpm673_final_proj/share/enpm673_final_proj//models/paper_letter_size/model.sdf
-- Symlinking: /home/leoo/Documents/GitHub/ROS_2_TurtleBot_perception_project/enpm673_final_proj/install/enpm673_final_proj/share/enpm673_final_proj//models/sto.pt
-- Symlinking: /home/leoo/Documents/GitHub/ROS_2_TurtleBot_perception_project/enpm673_final_proj/install/enpm673_final_proj/share/enpm673_final_proj//models/textured_floor/model.config
-- Symlinking: /home/leoo/Documents/GitHub/ROS_2_TurtleBot_perception_project/enpm673_final_proj/install/enpm673_final_proj/share/enpm673_final_proj//models/textured_floor/model.sdf
-- Symlinking: /home/leoo/Documents/GitHub/ROS_2_TurtleBot_perception_project/enpm673_final_proj/install/enpm673_final_proj/share/enpm673_final_proj//models/umd_turtlebot3_waffle_pi/model.config
-- Symlinking: /home/leoo/Documents/GitHub/ROS_2_TurtleBot_perception_project/enpm673_final_proj/install/enpm673_final_proj/share/enpm673_final_proj//models/umd_turtlebot3_waffle_pi/model.sdf
-- Symlinking: /home/leoo/Documents/GitHub/ROS_2_TurtleBot_perception_project/enpm673_final_proj/install/enpm673_final_proj/share/ament_index/resource_index/package_run_dependencies/enpm673_final_proj
-- Symlinking: /home/leoo/Documents/GitHub/ROS_2_TurtleBot_perception_project/enpm673_final_proj/install/enpm673_final_proj/share/ament_index/resource_index/parent_prefix_path/enpm673_final_proj
-- Symlinking: /home/leoo/Documents/GitHub/ROS_2_TurtleBot_perception_project/enpm673_final_proj/install/enpm673_final_proj/share/enpm673_final_proj/environment/ament_prefix_path.sh
-- Symlinking: /home/leoo/Documents/GitHub/ROS_2_TurtleBot_perception_project/enpm673_final_proj/install/enpm673_final_proj/share/enpm673_final_proj/environment/ament_prefix_path.dsv
-- Symlinking: /home/leoo/Documents/GitHub/ROS_2_TurtleBot_perception_project/enpm673_final_proj/install/enpm673_final_proj/share/enpm673_final_proj/environment/path.sh
-- Symlinking: /home/leoo/Documents/GitHub/ROS_2_TurtleBot_perception_project/enpm673_final_proj/install/enpm673_final_proj/share/enpm673_final_proj/environment/path.dsv
-- Symlinking: /home/leoo/Documents/GitHub/ROS_2_TurtleBot_perception_project/enpm673_final_proj/install/enpm673_final_proj/share/enpm673_final_proj/local_setup.bash
-- Symlinking: /home/leoo/Documents/GitHub/ROS_2_TurtleBot_perception_project/enpm673_final_proj/install/enpm673_final_proj/share/enpm673_final_proj/local_setup.sh
-- Symlinking: /home/leoo/Documents/GitHub/ROS_2_TurtleBot_perception_project/enpm673_final_proj/install/enpm673_final_proj/share/enpm673_final_proj/local_setup.zsh
-- Symlinking: /home/leoo/Documents/GitHub/ROS_2_TurtleBot_perception_project/enpm673_final_proj/install/enpm673_final_proj/share/enpm673_final_proj/local_setup.dsv
-- Symlinking: /home/leoo/Documents/GitHub/ROS_2_TurtleBot_perception_project/enpm673_final_proj/install/enpm673_final_proj/share/enpm673_final_proj/package.dsv
-- Symlinking: /home/leoo/Documents/GitHub/ROS_2_TurtleBot_perception_project/enpm673_final_proj/install/enpm673_final_proj/share/ament_index/resource_index/packages/enpm673_final_proj
-- Symlinking: /home/leoo/Documents/GitHub/ROS_2_TurtleBot_perception_project/enpm673_final_proj/install/enpm673_final_proj/share/enpm673_final_proj/cmake/enpm673_final_projConfig.cmake
-- Symlinking: /home/leoo/Documents/GitHub/ROS_2_TurtleBot_perception_project/enpm673_final_proj/install/enpm673_final_proj/share/enpm673_final_proj/cmake/enpm673_final_projConfig-version.cmake
-- Symlinking: /home/leoo/Documents/GitHub/ROS_2_TurtleBot_perception_project/enpm673_final_proj/install/enpm673_final_proj/share/enpm673_final_proj/package.xml
Listing '/home/leoo/Documents/GitHub/ROS_2_TurtleBot_perception_project/enpm673_final_proj/install/enpm673_final_proj/lib/python3.8/site-packages/enpm673_module'...
Compiling '/home/leoo/Documents/GitHub/ROS_2_TurtleBot_perception_project/enpm673_final_proj/install/enpm673_final_proj/lib/python3.8/site-packages/enpm673_module/__init__.py'...
Compiling '/home/leoo/Documents/GitHub/ROS_2_TurtleBot_perception_project/enpm673_final_proj/install/enpm673_final_proj/lib/python3.8/site-packages/enpm673_module/enpm673_final_proj.py'...
