[0.218s] DEBUG:colcon:Command line arguments: ['/usr/bin/colcon', 'build', '--symlink-install']
[0.218s] DEBUG:colcon:Parsed command line arguments: Namespace(allow_overriding=[], ament_cmake_args=None, base_paths=['.'], build_base='build', catkin_cmake_args=None, catkin_skip_building_tests=False, cmake_args=None, cmake_clean_cache=False, cmake_clean_first=False, cmake_force_configure=False, cmake_target=None, cmake_target_skip_unavailable=False, continue_on_error=False, event_handlers=None, executor='parallel', ignore_user_meta=False, install_base='install', log_base=None, log_level=None, main=<bound method BuildVerb.main of <colcon_core.verb.build.BuildVerb object at 0x7fccac9f8fd0>>, merge_install=False, metas=['./colcon.meta'], packages_above=None, packages_above_and_dependencies=None, packages_above_depth=None, packages_end=None, packages_ignore=None, packages_ignore_regex=None, packages_select=None, packages_select_build_failed=False, packages_select_by_dep=None, packages_select_regex=None, packages_select_test_failures=False, packages_skip=None, packages_skip_build_finished=False, packages_skip_by_dep=None, packages_skip_regex=None, packages_skip_test_passed=False, packages_skip_up_to=None, packages_start=None, packages_up_to=None, packages_up_to_regex=None, parallel_workers=8, paths=None, symlink_install=True, test_result_base=None, verb_extension=<colcon_core.verb.build.BuildVerb object at 0x7fccac9f8fd0>, verb_name='build', verb_parser=<colcon_defaults.argument_parser.defaults.DefaultArgumentsDecorator object at 0x7fccac989490>)
[0.372s] Level 1:colcon.colcon_core.package_discovery:discover_packages(colcon_meta) check parameters
[0.372s] Level 1:colcon.colcon_core.package_discovery:discover_packages(recursive) check parameters
[0.373s] Level 1:colcon.colcon_core.package_discovery:discover_packages(ignore) check parameters
[0.373s] Level 1:colcon.colcon_core.package_discovery:discover_packages(path) check parameters
[0.373s] Level 1:colcon.colcon_core.package_discovery:discover_packages(colcon_meta) discover
[0.373s] Level 1:colcon.colcon_core.package_discovery:discover_packages(recursive) discover
[0.373s] INFO:colcon.colcon_core.package_discovery:Crawling recursively for packages in '/home/leoo/Documents/GitHub/ROS_2_TurtleBot_perception_project/enpm673_final_proj'
[0.373s] Level 1:colcon.colcon_core.package_identification:_identify(.) by extensions ['ignore', 'ignore_ament_install']
[0.373s] Level 1:colcon.colcon_core.package_identification:_identify(.) by extension 'ignore'
[0.373s] Level 1:colcon.colcon_core.package_identification:_identify(.) by extension 'ignore_ament_install'
[0.373s] Level 1:colcon.colcon_core.package_identification:_identify(.) by extensions ['colcon_pkg']
[0.373s] Level 1:colcon.colcon_core.package_identification:_identify(.) by extension 'colcon_pkg'
[0.373s] Level 1:colcon.colcon_core.package_identification:_identify(.) by extensions ['colcon_meta']
[0.373s] Level 1:colcon.colcon_core.package_identification:_identify(.) by extension 'colcon_meta'
[0.373s] Level 1:colcon.colcon_core.package_identification:_identify(.) by extensions ['ros']
[0.373s] Level 1:colcon.colcon_core.package_identification:_identify(.) by extension 'ros'
[0.388s] DEBUG:colcon.colcon_core.package_identification:Package '.' with type 'ros.ament_cmake' and name 'enpm673_final_proj'
[0.388s] Level 1:colcon.colcon_core.package_discovery:discover_packages(recursive) using defaults
[0.388s] Level 1:colcon.colcon_core.package_discovery:discover_packages(ignore) discover
[0.388s] Level 1:colcon.colcon_core.package_discovery:discover_packages(ignore) using defaults
[0.388s] Level 1:colcon.colcon_core.package_discovery:discover_packages(path) discover
[0.388s] Level 1:colcon.colcon_core.package_discovery:discover_packages(path) using defaults
[0.403s] Level 1:colcon.colcon_core.package_discovery:discover_packages(prefix_path) check parameters
[0.403s] Level 1:colcon.colcon_core.package_discovery:discover_packages(prefix_path) discover
[0.406s] DEBUG:colcon.colcon_installed_package_information.package_discovery:Found 355 installed packages in /opt/ros/galactic
[0.420s] Level 1:colcon.colcon_core.package_discovery:discover_packages(prefix_path) using defaults
[0.489s] Level 5:colcon.colcon_core.verb:set package 'enpm673_final_proj' build argument 'cmake_args' from command line to 'None'
[0.489s] Level 5:colcon.colcon_core.verb:set package 'enpm673_final_proj' build argument 'cmake_target' from command line to 'None'
[0.489s] Level 5:colcon.colcon_core.verb:set package 'enpm673_final_proj' build argument 'cmake_target_skip_unavailable' from command line to 'False'
[0.489s] Level 5:colcon.colcon_core.verb:set package 'enpm673_final_proj' build argument 'cmake_clean_cache' from command line to 'False'
[0.489s] Level 5:colcon.colcon_core.verb:set package 'enpm673_final_proj' build argument 'cmake_clean_first' from command line to 'False'
[0.489s] Level 5:colcon.colcon_core.verb:set package 'enpm673_final_proj' build argument 'cmake_force_configure' from command line to 'False'
[0.489s] Level 5:colcon.colcon_core.verb:set package 'enpm673_final_proj' build argument 'ament_cmake_args' from command line to 'None'
[0.489s] Level 5:colcon.colcon_core.verb:set package 'enpm673_final_proj' build argument 'catkin_cmake_args' from command line to 'None'
[0.489s] Level 5:colcon.colcon_core.verb:set package 'enpm673_final_proj' build argument 'catkin_skip_building_tests' from command line to 'False'
[0.489s] DEBUG:colcon.colcon_core.verb:Building package 'enpm673_final_proj' with the following arguments: {'ament_cmake_args': None, 'build_base': '/home/leoo/Documents/GitHub/ROS_2_TurtleBot_perception_project/enpm673_final_proj/build/enpm673_final_proj', 'catkin_cmake_args': None, 'catkin_skip_building_tests': False, 'cmake_args': None, 'cmake_clean_cache': False, 'cmake_clean_first': False, 'cmake_force_configure': False, 'cmake_target': None, 'cmake_target_skip_unavailable': False, 'install_base': '/home/leoo/Documents/GitHub/ROS_2_TurtleBot_perception_project/enpm673_final_proj/install/enpm673_final_proj', 'merge_install': False, 'path': '/home/leoo/Documents/GitHub/ROS_2_TurtleBot_perception_project/enpm673_final_proj', 'symlink_install': True, 'test_result_base': None}
[0.490s] INFO:colcon.colcon_core.executor:Executing jobs using 'parallel' executor
[0.491s] DEBUG:colcon.colcon_parallel_executor.executor.parallel:run_until_complete
[0.491s] INFO:colcon.colcon_ros.task.ament_cmake.build:Building ROS package in '/home/leoo/Documents/GitHub/ROS_2_TurtleBot_perception_project/enpm673_final_proj' with build type 'ament_cmake'
[0.492s] INFO:colcon.colcon_cmake.task.cmake.build:Building CMake package in '/home/leoo/Documents/GitHub/ROS_2_TurtleBot_perception_project/enpm673_final_proj'
[0.494s] INFO:colcon.colcon_core.plugin_system:Skipping extension 'colcon_core.shell.bat': Not used on non-Windows systems
[0.494s] INFO:colcon.colcon_core.shell:Skip shell extension 'powershell' for command environment: Not usable outside of PowerShell
[0.494s] DEBUG:colcon.colcon_core.shell:Skip shell extension 'dsv' for command environment
[0.509s] DEBUG:colcon.colcon_core.event_handler.log_command:Invoking command in '/home/leoo/Documents/GitHub/ROS_2_TurtleBot_perception_project/enpm673_final_proj/build/enpm673_final_proj': CMAKE_PREFIX_PATH=/opt/ros/galactic /home/leoo/.local/bin/cmake --build /home/leoo/Documents/GitHub/ROS_2_TurtleBot_perception_project/enpm673_final_proj/build/enpm673_final_proj -- -j8 -l8
[14.349s] DEBUG:colcon.colcon_core.event_handler.log_command:Invoked command in '/home/leoo/Documents/GitHub/ROS_2_TurtleBot_perception_project/enpm673_final_proj/build/enpm673_final_proj' returned '0': CMAKE_PREFIX_PATH=/opt/ros/galactic /home/leoo/.local/bin/cmake --build /home/leoo/Documents/GitHub/ROS_2_TurtleBot_perception_project/enpm673_final_proj/build/enpm673_final_proj -- -j8 -l8
[14.533s] DEBUG:colcon.colcon_core.event_handler.log_command:Invoking command in '/home/leoo/Documents/GitHub/ROS_2_TurtleBot_perception_project/enpm673_final_proj/build/enpm673_final_proj': CMAKE_PREFIX_PATH=/opt/ros/galactic /home/leoo/.local/bin/cmake --install /home/leoo/Documents/GitHub/ROS_2_TurtleBot_perception_project/enpm673_final_proj/build/enpm673_final_proj
[14.792s] Level 1:colcon.colcon_core.environment:create_environment_scripts_only(enpm673_final_proj)
[14.795s] DEBUG:colcon.colcon_core.event_handler.log_command:Invoked command in '/home/leoo/Documents/GitHub/ROS_2_TurtleBot_perception_project/enpm673_final_proj/build/enpm673_final_proj' returned '0': CMAKE_PREFIX_PATH=/opt/ros/galactic /home/leoo/.local/bin/cmake --install /home/leoo/Documents/GitHub/ROS_2_TurtleBot_perception_project/enpm673_final_proj/build/enpm673_final_proj
[14.796s] Level 1:colcon.colcon_core.environment:checking '/home/leoo/Documents/GitHub/ROS_2_TurtleBot_perception_project/enpm673_final_proj/install/enpm673_final_proj' for CMake module files
[14.797s] Level 1:colcon.colcon_core.environment:checking '/home/leoo/Documents/GitHub/ROS_2_TurtleBot_perception_project/enpm673_final_proj/install/enpm673_final_proj' for CMake config files
[14.798s] Level 1:colcon.colcon_core.shell:create_environment_hook('enpm673_final_proj', 'cmake_prefix_path')
[14.798s] INFO:colcon.colcon_core.shell:Creating environment hook '/home/leoo/Documents/GitHub/ROS_2_TurtleBot_perception_project/enpm673_final_proj/install/enpm673_final_proj/share/enpm673_final_proj/hook/cmake_prefix_path.ps1'
[14.800s] INFO:colcon.colcon_core.shell:Creating environment descriptor '/home/leoo/Documents/GitHub/ROS_2_TurtleBot_perception_project/enpm673_final_proj/install/enpm673_final_proj/share/enpm673_final_proj/hook/cmake_prefix_path.dsv'
[14.800s] INFO:colcon.colcon_core.shell:Creating environment hook '/home/leoo/Documents/GitHub/ROS_2_TurtleBot_perception_project/enpm673_final_proj/install/enpm673_final_proj/share/enpm673_final_proj/hook/cmake_prefix_path.sh'
[14.801s] Level 1:colcon.colcon_core.environment:checking '/home/leoo/Documents/GitHub/ROS_2_TurtleBot_perception_project/enpm673_final_proj/install/enpm673_final_proj/lib'
[14.802s] Level 1:colcon.colcon_core.environment:checking '/home/leoo/Documents/GitHub/ROS_2_TurtleBot_perception_project/enpm673_final_proj/install/enpm673_final_proj/bin'
[14.802s] Level 1:colcon.colcon_core.environment:checking '/home/leoo/Documents/GitHub/ROS_2_TurtleBot_perception_project/enpm673_final_proj/install/enpm673_final_proj/lib/pkgconfig/enpm673_final_proj.pc'
[14.802s] Level 1:colcon.colcon_core.environment:checking '/home/leoo/Documents/GitHub/ROS_2_TurtleBot_perception_project/enpm673_final_proj/install/enpm673_final_proj/lib/python3.8/site-packages'
[14.802s] Level 1:colcon.colcon_core.shell:create_environment_hook('enpm673_final_proj', 'pythonpath')
[14.802s] INFO:colcon.colcon_core.shell:Creating environment hook '/home/leoo/Documents/GitHub/ROS_2_TurtleBot_perception_project/enpm673_final_proj/install/enpm673_final_proj/share/enpm673_final_proj/hook/pythonpath.ps1'
[14.803s] INFO:colcon.colcon_core.shell:Creating environment descriptor '/home/leoo/Documents/GitHub/ROS_2_TurtleBot_perception_project/enpm673_final_proj/install/enpm673_final_proj/share/enpm673_final_proj/hook/pythonpath.dsv'
[14.803s] INFO:colcon.colcon_core.shell:Creating environment hook '/home/leoo/Documents/GitHub/ROS_2_TurtleBot_perception_project/enpm673_final_proj/install/enpm673_final_proj/share/enpm673_final_proj/hook/pythonpath.sh'
[14.804s] Level 1:colcon.colcon_core.environment:checking '/home/leoo/Documents/GitHub/ROS_2_TurtleBot_perception_project/enpm673_final_proj/install/enpm673_final_proj/bin'
[14.804s] INFO:colcon.colcon_core.shell:Creating package script '/home/leoo/Documents/GitHub/ROS_2_TurtleBot_perception_project/enpm673_final_proj/install/enpm673_final_proj/share/enpm673_final_proj/package.ps1'
[14.806s] INFO:colcon.colcon_core.shell:Creating package descriptor '/home/leoo/Documents/GitHub/ROS_2_TurtleBot_perception_project/enpm673_final_proj/install/enpm673_final_proj/share/enpm673_final_proj/package.dsv'
[14.807s] INFO:colcon.colcon_core.shell:Creating package script '/home/leoo/Documents/GitHub/ROS_2_TurtleBot_perception_project/enpm673_final_proj/install/enpm673_final_proj/share/enpm673_final_proj/package.sh'
[14.808s] INFO:colcon.colcon_core.shell:Creating package script '/home/leoo/Documents/GitHub/ROS_2_TurtleBot_perception_project/enpm673_final_proj/install/enpm673_final_proj/share/enpm673_final_proj/package.bash'
[14.809s] INFO:colcon.colcon_core.shell:Creating package script '/home/leoo/Documents/GitHub/ROS_2_TurtleBot_perception_project/enpm673_final_proj/install/enpm673_final_proj/share/enpm673_final_proj/package.zsh'
[14.810s] Level 1:colcon.colcon_core.environment:create_file_with_runtime_dependencies(/home/leoo/Documents/GitHub/ROS_2_TurtleBot_perception_project/enpm673_final_proj/install/enpm673_final_proj/share/colcon-core/packages/enpm673_final_proj)
[14.906s] Level 1:colcon.colcon_core.environment:create_environment_scripts_only(enpm673_final_proj)
[14.906s] Level 1:colcon.colcon_core.environment:checking '/home/leoo/Documents/GitHub/ROS_2_TurtleBot_perception_project/enpm673_final_proj/install/enpm673_final_proj' for CMake module files
[14.907s] Level 1:colcon.colcon_core.environment:checking '/home/leoo/Documents/GitHub/ROS_2_TurtleBot_perception_project/enpm673_final_proj/install/enpm673_final_proj' for CMake config files
[14.907s] Level 1:colcon.colcon_core.shell:create_environment_hook('enpm673_final_proj', 'cmake_prefix_path')
[14.908s] INFO:colcon.colcon_core.shell:Creating environment hook '/home/leoo/Documents/GitHub/ROS_2_TurtleBot_perception_project/enpm673_final_proj/install/enpm673_final_proj/share/enpm673_final_proj/hook/cmake_prefix_path.ps1'
[14.910s] INFO:colcon.colcon_core.shell:Creating environment descriptor '/home/leoo/Documents/GitHub/ROS_2_TurtleBot_perception_project/enpm673_final_proj/install/enpm673_final_proj/share/enpm673_final_proj/hook/cmake_prefix_path.dsv'
[14.911s] INFO:colcon.colcon_core.shell:Creating environment hook '/home/leoo/Documents/GitHub/ROS_2_TurtleBot_perception_project/enpm673_final_proj/install/enpm673_final_proj/share/enpm673_final_proj/hook/cmake_prefix_path.sh'
[14.912s] Level 1:colcon.colcon_core.environment:checking '/home/leoo/Documents/GitHub/ROS_2_TurtleBot_perception_project/enpm673_final_proj/install/enpm673_final_proj/lib'
[14.912s] Level 1:colcon.colcon_core.environment:checking '/home/leoo/Documents/GitHub/ROS_2_TurtleBot_perception_project/enpm673_final_proj/install/enpm673_final_proj/bin'
[14.912s] Level 1:colcon.colcon_core.environment:checking '/home/leoo/Documents/GitHub/ROS_2_TurtleBot_perception_project/enpm673_final_proj/install/enpm673_final_proj/lib/pkgconfig/enpm673_final_proj.pc'
[14.913s] Level 1:colcon.colcon_core.environment:checking '/home/leoo/Documents/GitHub/ROS_2_TurtleBot_perception_project/enpm673_final_proj/install/enpm673_final_proj/lib/python3.8/site-packages'
[14.913s] Level 1:colcon.colcon_core.shell:create_environment_hook('enpm673_final_proj', 'pythonpath')
[14.913s] INFO:colcon.colcon_core.shell:Creating environment hook '/home/leoo/Documents/GitHub/ROS_2_TurtleBot_perception_project/enpm673_final_proj/install/enpm673_final_proj/share/enpm673_final_proj/hook/pythonpath.ps1'
[14.914s] INFO:colcon.colcon_core.shell:Creating environment descriptor '/home/leoo/Documents/GitHub/ROS_2_TurtleBot_perception_project/enpm673_final_proj/install/enpm673_final_proj/share/enpm673_final_proj/hook/pythonpath.dsv'
[14.915s] INFO:colcon.colcon_core.shell:Creating environment hook '/home/leoo/Documents/GitHub/ROS_2_TurtleBot_perception_project/enpm673_final_proj/install/enpm673_final_proj/share/enpm673_final_proj/hook/pythonpath.sh'
[14.915s] Level 1:colcon.colcon_core.environment:checking '/home/leoo/Documents/GitHub/ROS_2_TurtleBot_perception_project/enpm673_final_proj/install/enpm673_final_proj/bin'
[14.916s] INFO:colcon.colcon_core.shell:Creating package script '/home/leoo/Documents/GitHub/ROS_2_TurtleBot_perception_project/enpm673_final_proj/install/enpm673_final_proj/share/enpm673_final_proj/package.ps1'
[14.917s] INFO:colcon.colcon_core.shell:Creating package descriptor '/home/leoo/Documents/GitHub/ROS_2_TurtleBot_perception_project/enpm673_final_proj/install/enpm673_final_proj/share/enpm673_final_proj/package.dsv'
[14.918s] INFO:colcon.colcon_core.shell:Creating package script '/home/leoo/Documents/GitHub/ROS_2_TurtleBot_perception_project/enpm673_final_proj/install/enpm673_final_proj/share/enpm673_final_proj/package.sh'
[14.919s] INFO:colcon.colcon_core.shell:Creating package script '/home/leoo/Documents/GitHub/ROS_2_TurtleBot_perception_project/enpm673_final_proj/install/enpm673_final_proj/share/enpm673_final_proj/package.bash'
[14.920s] INFO:colcon.colcon_core.shell:Creating package script '/home/leoo/Documents/GitHub/ROS_2_TurtleBot_perception_project/enpm673_final_proj/install/enpm673_final_proj/share/enpm673_final_proj/package.zsh'
[14.921s] Level 1:colcon.colcon_core.environment:create_file_with_runtime_dependencies(/home/leoo/Documents/GitHub/ROS_2_TurtleBot_perception_project/enpm673_final_proj/install/enpm673_final_proj/share/colcon-core/packages/enpm673_final_proj)
[14.922s] DEBUG:colcon.colcon_parallel_executor.executor.parallel:closing loop
[14.922s] DEBUG:colcon.colcon_parallel_executor.executor.parallel:loop closed
[14.923s] DEBUG:colcon.colcon_parallel_executor.executor.parallel:run_until_complete finished with '0'
[14.923s] DEBUG:colcon.colcon_core.event_reactor:joining thread
[14.934s] INFO:colcon.colcon_core.plugin_system:Skipping extension 'colcon_notification.desktop_notification.terminal_notifier': Not used on non-Darwin systems
[14.935s] INFO:colcon.colcon_core.plugin_system:Skipping extension 'colcon_notification.desktop_notification.win32': Not used on non-Windows systems
[14.935s] INFO:colcon.colcon_notification.desktop_notification:Sending desktop notification using 'notify2'
[14.962s] DEBUG:colcon.colcon_core.event_reactor:joined thread
[14.962s] INFO:colcon.colcon_core.shell:Creating prefix script '/home/leoo/Documents/GitHub/ROS_2_TurtleBot_perception_project/enpm673_final_proj/install/local_setup.ps1'
[14.963s] INFO:colcon.colcon_core.shell:Creating prefix util module '/home/leoo/Documents/GitHub/ROS_2_TurtleBot_perception_project/enpm673_final_proj/install/_local_setup_util_ps1.py'
[14.965s] INFO:colcon.colcon_core.shell:Creating prefix chain script '/home/leoo/Documents/GitHub/ROS_2_TurtleBot_perception_project/enpm673_final_proj/install/setup.ps1'
[14.966s] INFO:colcon.colcon_core.shell:Creating prefix script '/home/leoo/Documents/GitHub/ROS_2_TurtleBot_perception_project/enpm673_final_proj/install/local_setup.sh'
[14.967s] INFO:colcon.colcon_core.shell:Creating prefix util module '/home/leoo/Documents/GitHub/ROS_2_TurtleBot_perception_project/enpm673_final_proj/install/_local_setup_util_sh.py'
[14.968s] INFO:colcon.colcon_core.shell:Creating prefix chain script '/home/leoo/Documents/GitHub/ROS_2_TurtleBot_perception_project/enpm673_final_proj/install/setup.sh'
[14.970s] INFO:colcon.colcon_core.shell:Creating prefix script '/home/leoo/Documents/GitHub/ROS_2_TurtleBot_perception_project/enpm673_final_proj/install/local_setup.bash'
[14.971s] INFO:colcon.colcon_core.shell:Creating prefix chain script '/home/leoo/Documents/GitHub/ROS_2_TurtleBot_perception_project/enpm673_final_proj/install/setup.bash'
[14.973s] INFO:colcon.colcon_core.shell:Creating prefix script '/home/leoo/Documents/GitHub/ROS_2_TurtleBot_perception_project/enpm673_final_proj/install/local_setup.zsh'
[14.975s] INFO:colcon.colcon_core.shell:Creating prefix chain script '/home/leoo/Documents/GitHub/ROS_2_TurtleBot_perception_project/enpm673_final_proj/install/setup.zsh'
